<?xml version="1.0" encoding="UTF-8"?>
<!-- Generated by org.testng.reporters.JUnitXMLReporter -->
<testsuite ignored="0" hostname="DESKTOP-TG7PT2T" failures="0" tests="1" name="Chrome" time="0.069" errors="0" timestamp="2025-09-23T07:03:38 IST">
  <testcase classname="grocerybase.DemoBase" name="@BeforeMethod intialiseBrowser" time="0.012">
    <failure type="java.lang.Exception" message="Invalid Browser">
      <![CDATA[java.lang.Exception: Invalid Browser
at grocerybase.DemoBase.intialiseBrowser(DemoBase.java:41)
at java.base/java.util.ArrayList.forEach(ArrayList.java:1596)
... Removed 29 stack frames]]>
    </failure>
  </testcase> <!-- @BeforeMethod intialiseBrowser -->
  <testcase classname="grocerybase.DemoBase" name="@AfterMethod driverQuit" time="0.0">
    <skipped/>
  </testcase> <!-- @AfterMethod driverQuit -->
  <testcase classname="testscript.HomeTest" name="verifyUserIsAbleToLogOut" time="0.001">
    <skipped/>
  </testcase> <!-- verifyUserIsAbleToLogOut -->
</testsuite> <!-- Chrome -->
