<?xml version="1.0" encoding="UTF-8"?>
<!-- Generated by org.testng.reporters.JUnitXMLReporter -->
<testsuite ignored="0" hostname="DESKTOP-TG7PT2T" failures="0" tests="3" name="Test" time="14.899" errors="0" timestamp="2025-09-26T09:54:52 IST">
  <testcase classname="testscript.ManageNewsTest" name="verifyUserIsAbleToAddNewNews" time="1.969"/>
  <testcase classname="testscript.ManageNewsTest" name="verifyUserIsAbleToSearchNews" time="1.352"/>
  <testcase classname="testscript.ManageNewsTest" name="verifyUserIsAbleToReset" time="6.233"/>
</testsuite> <!-- Test -->
