<?xml version="1.0" encoding="UTF-8"?>
<testng-results ignored="0" total="1" passed="1" failed="0" skipped="0">
  <reporter-output>
  </reporter-output>
  <suite started-at="2025-09-11T17:58:14 IST" name="Default suite" finished-at="2025-09-11T17:58:18 IST" duration-ms="3785">
    <groups>
    </groups>
    <test started-at="2025-09-11T17:58:14 IST" name="Default test" finished-at="2025-09-11T17:58:18 IST" duration-ms="3785">
      <class name="testscript.LoginTest">
        <test-method is-config="true" signature="intialiseBrowser()[pri:0, instance:testscript.LoginTest@5b12b668]" started-at="2025-09-11T17:58:14 IST" name="intialiseBrowser" finished-at="2025-09-11T17:58:17 IST" duration-ms="2757" status="PASS">
          <reporter-output>
          </reporter-output>
        </test-method> <!-- intialiseBrowser -->
        <test-method signature="verifyLoginWithInValidCredentials()[pri:0, instance:testscript.LoginTest@5b12b668]" started-at="2025-09-11T17:58:17 IST" name="verifyLoginWithInValidCredentials" finished-at="2025-09-11T17:58:18 IST" duration-ms="993" status="PASS">
          <reporter-output>
          </reporter-output>
        </test-method> <!-- verifyLoginWithInValidCredentials -->
      </class> <!-- testscript.LoginTest -->
    </test> <!-- Default test -->
  </suite> <!-- Default suite -->
</testng-results>
