<?xml version="1.0" encoding="UTF-8"?>
<!-- Generated by org.testng.reporters.JUnitXMLReporter -->
<testsuite ignored="3" hostname="DESKTOP-TG7PT2T" failures="0" tests="1" name="Default test" time="3.785" errors="0" timestamp="2025-09-11T17:58:18 IST">
  <testcase classname="testscript.LoginTest" name="verifyLoginWithInValidCredentials" time="0.993"/>
  <testcase classname="testscript.LoginTest" name="verifyLoginWithInValidUserNameAndValidPassword" time="0.0">
    <ignored/>
  </testcase> <!-- verifyLoginWithInValidUserNameAndValidPassword -->
  <testcase classname="testscript.LoginTest" name="verifyUserWithValidCredenetials" time="0.0">
    <ignored/>
  </testcase> <!-- verifyUserWithValidCredenetials -->
  <testcase classname="testscript.LoginTest" name="verifyLoginWithValidUserNameInvalidPassword" time="0.0">
    <ignored/>
  </testcase> <!-- verifyLoginWithValidUserNameInvalidPassword -->
</testsuite> <!-- Default test -->
