<?xml version="1.0" encoding="UTF-8"?>
<!-- Generated by org.testng.reporters.JUnitXMLReporter -->
<testsuite ignored="3" hostname="DESKTOP-TG7PT2T" failures="0" tests="1" name="Test2" time="1.747" errors="0" timestamp="2025-09-23T18:51:40 IST">
  <testcase classname="testscript.LoginTest" name="verifyUserWithValidCredenetials" time="0.543"/>
  <testcase classname="testscript.LoginTest" name="verifyLoginWithInValidCredentials" time="0.0">
    <ignored/>
  </testcase> <!-- verifyLoginWithInValidCredentials -->
  <testcase classname="testscript.LoginTest" name="verifyLoginWithInValidUserNameAndValidPassword" time="0.0">
    <ignored/>
  </testcase> <!-- verifyLoginWithInValidUserNameAndValidPassword -->
  <testcase classname="testscript.LoginTest" name="verifyLoginWithValidUserNameInvalidPassword" time="0.0">
    <ignored/>
  </testcase> <!-- verifyLoginWithValidUserNameInvalidPassword -->
</testsuite> <!-- Test2 -->
